TN:
SF:src/api/services/PostService.ts
FN:6,(anonymous_8)
FN:9,(anonymous_9)
FN:13,(anonymous_11)
FN:17,(anonymous_13)
FN:23,(anonymous_15)
FN:31,(anonymous_17)
FN:36,(anonymous_19)
FNF:7
FNH:7
FNDA:7,(anonymous_8)
FNDA:1,(anonymous_9)
FNDA:1,(anonymous_11)
FNDA:2,(anonymous_13)
FNDA:2,(anonymous_15)
FNDA:2,(anonymous_17)
FNDA:6,(anonymous_19)
DA:2,1
DA:6,1
DA:7,7
DA:10,1
DA:14,1
DA:18,2
DA:19,2
DA:20,2
DA:24,2
DA:26,1
DA:27,1
DA:28,1
DA:32,2
DA:33,1
DA:37,6
DA:39,6
DA:40,6
LF:17
LH:17
BRDA:40,0,0,2
BRDA:40,0,1,4
BRF:2
BRH:2
end_of_record
