TN:
SF:src/api/services/CommentService.ts
FN:6,(anonymous_8)
FN:9,(anonymous_9)
FN:13,(anonymous_11)
FN:17,(anonymous_13)
FN:23,(anonymous_15)
FN:30,(anonymous_17)
FN:34,(anonymous_18)
FNF:7
FNH:6
FNDA:5,(anonymous_8)
FNDA:1,(anonymous_9)
FNDA:1,(anonymous_11)
FNDA:2,(anonymous_13)
FNDA:2,(anonymous_15)
FNDA:0,(anonymous_17)
FNDA:4,(anonymous_18)
DA:2,1
DA:6,1
DA:7,5
DA:10,1
DA:14,1
DA:18,2
DA:19,2
DA:20,2
DA:24,2
DA:25,1
DA:26,1
DA:27,1
DA:31,0
DA:35,4
DA:36,4
LF:15
LH:14
BRDA:36,0,0,1
BRDA:36,0,1,3
BRF:2
BRH:2
end_of_record
TN:
SF:src/api/services/PostService.ts
FN:6,(anonymous_8)
FN:9,(anonymous_9)
FN:13,(anonymous_11)
FN:17,(anonymous_13)
FN:23,(anonymous_15)
FN:31,(anonymous_17)
FN:36,(anonymous_19)
FNF:7
FNH:7
FNDA:7,(anonymous_8)
FNDA:1,(anonymous_9)
FNDA:1,(anonymous_11)
FNDA:2,(anonymous_13)
FNDA:2,(anonymous_15)
FNDA:2,(anonymous_17)
FNDA:6,(anonymous_19)
DA:2,1
DA:6,1
DA:7,7
DA:10,1
DA:14,1
DA:18,2
DA:19,2
DA:20,2
DA:24,2
DA:26,1
DA:27,1
DA:28,1
DA:32,2
DA:33,1
DA:37,6
DA:38,6
LF:16
LH:16
BRDA:38,0,0,2
BRDA:38,0,1,4
BRF:2
BRH:2
end_of_record
